2018-11-12 19:47:36,812 INFO o.j.r.PluginManagerCMD: Command is: install-for-jmx
2018-11-12 19:47:38,014 INFO o.j.r.JARSourceHTTP: Found cached repo
2018-11-12 19:47:38,183 INFO o.j.r.PluginManager: Plugins Status: [jpgc-functions=2.1, jpgc-casutg=2.6, jpgc-dummy=0.2, jpgc-ffw=2.0, jpgc-fifo=0.2, jpgc-json=2.7, jpgc-prmctl=0.4, jpgc-perfmon=2.1, jpgc-plugins-manager=1.3, jpgc-tst=2.5, jmeter-core=5.0, jmeter-ftp=5.0, jmeter-http=5.0, jmeter-jdbc=5.0, jmeter-jms=5.0, jmeter-junit=5.0, jmeter-java=5.0, jmeter-ldap=5.0, jmeter-mail=5.0, jmeter-mongodb=5.0, jmeter-native=5.0, jmeter-tcp=5.0, jmeter-components=5.0]
2018-11-12 19:47:38,187 INFO o.j.r.PluginManagerCMD: Params line is: C:\Users\avg\Documents\02. Formaciones\AfterTest\2018-11-12_19-47-34.233000\modified_requests.jmx
2018-11-12 19:47:38,493 INFO o.a.j.s.SaveService: Testplan (JMX) version: 2.2. Testlog (JTL) version: 2.2
2018-11-12 19:47:38,501 INFO o.a.j.s.SaveService: Using SaveService properties file encoding UTF-8
2018-11-12 19:47:38,506 INFO o.a.j.s.SaveService: Using SaveService properties version 5.0
2018-11-12 19:47:38,540 INFO o.a.j.p.h.c.CacheManager: Will only cache the following methods: [GET]
2018-11-12 19:47:38,543 INFO o.a.j.p.h.c.CookieManager: Settings: Delete null: true Check: true Allow variable: true Save: false Prefix: COOKIE_
2018-11-12 19:47:38,547 WARN o.a.j.u.JMeterUtils: ERROR! Resource string not found: [option]
2018-11-12 19:47:38,547 WARN o.a.j.u.JMeterUtils: ERROR! Resource string not found: [add]
2018-11-12 19:47:38,547 WARN o.a.j.u.JMeterUtils: ERROR! Resource string not found: [add_host]
2018-11-12 19:47:38,547 WARN o.a.j.u.JMeterUtils: ERROR! Resource string not found: [delete]
2018-11-12 19:47:38,547 WARN o.a.j.u.JMeterUtils: ERROR! Resource string not found: [delete_host]
2018-11-12 19:47:38,547 WARN o.a.j.u.JMeterUtils: ERROR! Resource string not found: [use_system_dns_resolver]
2018-11-12 19:47:38,547 WARN o.a.j.u.JMeterUtils: ERROR! Resource string not found: [use_custom_dns_resolver]
2018-11-12 19:47:38,547 WARN o.a.j.u.JMeterUtils: ERROR! Resource string not found: [dns_hostname_or_ip]
2018-11-12 19:47:38,548 WARN o.a.j.u.JMeterUtils: ERROR! Resource string not found: [dns_host]
2018-11-12 19:47:38,548 WARN o.a.j.u.JMeterUtils: ERROR! Resource string not found: [dns_hostname_or_ip]
2018-11-12 19:47:38,627 INFO o.a.j.p.h.s.HTTPSamplerBase: Parser for text/html is org.apache.jmeter.protocol.http.parser.LagartoBasedHtmlParser
2018-11-12 19:47:38,628 INFO o.a.j.p.h.s.HTTPSamplerBase: Parser for application/xhtml+xml is org.apache.jmeter.protocol.http.parser.LagartoBasedHtmlParser
2018-11-12 19:47:38,628 INFO o.a.j.p.h.s.HTTPSamplerBase: Parser for application/xml is org.apache.jmeter.protocol.http.parser.LagartoBasedHtmlParser
2018-11-12 19:47:38,628 INFO o.a.j.p.h.s.HTTPSamplerBase: Parser for text/xml is org.apache.jmeter.protocol.http.parser.LagartoBasedHtmlParser
2018-11-12 19:47:38,628 INFO o.a.j.p.h.s.HTTPSamplerBase: Parser for text/vnd.wap.wml is org.apache.jmeter.protocol.http.parser.RegexpHTMLParser
2018-11-12 19:47:38,628 INFO o.a.j.p.h.s.HTTPSamplerBase: Parser for text/css is org.apache.jmeter.protocol.http.parser.CssParser
2018-11-12 19:47:38,685 INFO o.j.r.PluginManager: Finishing without changes
